[0.940s] Invoking command in '/home/jetracer/ros2_ws/src/jetracer_description': PYTHONPATH=/home/jetracer/ros2_ws/src/jetracer_description/build/jetracer_description/prefix_override:/usr/lib/python3/dist-packages/colcon_core/task/python/colcon_distutils_commands:/home/jetracer/ros2_ws/src/jetracer_description/install/jetracer_description/lib/python3.12/site-packages:${PYTHONPATH} /usr/bin/python3 -W ignore:setup.py install is deprecated -W ignore:easy_install command is deprecated setup.py egg_info --egg-base build/jetracer_description build --build-base /home/jetracer/ros2_ws/src/jetracer_description/build/jetracer_description/build install --record /home/jetracer/ros2_ws/src/jetracer_description/build/jetracer_description/install.log --single-version-externally-managed install_data
[1.215s] running egg_info
[1.246s] writing build/jetracer_description/jetracer_description.egg-info/PKG-INFO
[1.247s] writing dependency_links to build/jetracer_description/jetracer_description.egg-info/dependency_links.txt
[1.247s] writing entry points to build/jetracer_description/jetracer_description.egg-info/entry_points.txt
[1.248s] writing requirements to build/jetracer_description/jetracer_description.egg-info/requires.txt
[1.248s] writing top-level names to build/jetracer_description/jetracer_description.egg-info/top_level.txt
[1.280s] reading manifest file 'build/jetracer_description/jetracer_description.egg-info/SOURCES.txt'
[1.283s] writing manifest file 'build/jetracer_description/jetracer_description.egg-info/SOURCES.txt'
[1.284s] running build
[1.284s] running build_py
[1.284s] running install
[1.298s] running install_lib
[1.306s] running install_data
[1.307s] copying launch/display_with_control.launch.py -> /home/jetracer/ros2_ws/src/jetracer_description/install/jetracer_description/share/jetracer_description/launch
[1.310s] running install_egg_info
[1.331s] removing '/home/jetracer/ros2_ws/src/jetracer_description/install/jetracer_description/lib/python3.12/site-packages/jetracer_description-0.0.0-py3.12.egg-info' (and everything under it)
[1.331s] Copying build/jetracer_description/jetracer_description.egg-info to /home/jetracer/ros2_ws/src/jetracer_description/install/jetracer_description/lib/python3.12/site-packages/jetracer_description-0.0.0-py3.12.egg-info
[1.331s] running install_scripts
[1.439s] Installing ackermann_controller script to /home/jetracer/ros2_ws/src/jetracer_description/install/jetracer_description/lib/jetracer_description
[1.439s] writing list of installed files to '/home/jetracer/ros2_ws/src/jetracer_description/build/jetracer_description/install.log'
[1.488s] Invoked command in '/home/jetracer/ros2_ws/src/jetracer_description' returned '0': PYTHONPATH=/home/jetracer/ros2_ws/src/jetracer_description/build/jetracer_description/prefix_override:/usr/lib/python3/dist-packages/colcon_core/task/python/colcon_distutils_commands:/home/jetracer/ros2_ws/src/jetracer_description/install/jetracer_description/lib/python3.12/site-packages:${PYTHONPATH} /usr/bin/python3 -W ignore:setup.py install is deprecated -W ignore:easy_install command is deprecated setup.py egg_info --egg-base build/jetracer_description build --build-base /home/jetracer/ros2_ws/src/jetracer_description/build/jetracer_description/build install --record /home/jetracer/ros2_ws/src/jetracer_description/build/jetracer_description/install.log --single-version-externally-managed install_data
