running egg_info
creating build/jetracer_description/jetracer_description.egg-info
writing build/jetracer_description/jetracer_description.egg-info/PKG-INFO
writing dependency_links to build/jetracer_description/jetracer_description.egg-info/dependency_links.txt
writing requirements to build/jetracer_description/jetracer_description.egg-info/requires.txt
writing top-level names to build/jetracer_description/jetracer_description.egg-info/top_level.txt
writing manifest file 'build/jetracer_description/jetracer_description.egg-info/SOURCES.txt'
reading manifest file 'build/jetracer_description/jetracer_description.egg-info/SOURCES.txt'
writing manifest file 'build/jetracer_description/jetracer_description.egg-info/SOURCES.txt'
running build
running build_py
creating /home/jetracer/ros2_ws/src/jetracer_description/build/jetracer_description/build
creating /home/jetracer/ros2_ws/src/jetracer_description/build/jetracer_description/build/lib
creating /home/jetracer/ros2_ws/src/jetracer_description/build/jetracer_description/build/lib/jetracer_description
copying jetracer_description/__init__.py -> /home/jetracer/ros2_ws/src/jetracer_description/build/jetracer_description/build/lib/jetracer_description
running install
running install_lib
creating /home/jetracer/ros2_ws/src/jetracer_description/install/jetracer_description/lib/python3.12/site-packages/jetracer_description
copying /home/jetracer/ros2_ws/src/jetracer_description/build/jetracer_description/build/lib/jetracer_description/__init__.py -> /home/jetracer/ros2_ws/src/jetracer_description/install/jetracer_description/lib/python3.12/site-packages/jetracer_description
byte-compiling /home/jetracer/ros2_ws/src/jetracer_description/install/jetracer_description/lib/python3.12/site-packages/jetracer_description/__init__.py to __init__.cpython-312.pyc
running install_data
creating /home/jetracer/ros2_ws/src/jetracer_description/install/jetracer_description/share/ament_index
creating /home/jetracer/ros2_ws/src/jetracer_description/install/jetracer_description/share/ament_index/resource_index
creating /home/jetracer/ros2_ws/src/jetracer_description/install/jetracer_description/share/ament_index/resource_index/packages
copying resource/jetracer_description -> /home/jetracer/ros2_ws/src/jetracer_description/install/jetracer_description/share/ament_index/resource_index/packages
copying package.xml -> /home/jetracer/ros2_ws/src/jetracer_description/install/jetracer_description/share/jetracer_description
creating /home/jetracer/ros2_ws/src/jetracer_description/install/jetracer_description/share/jetracer_description/launch
copying launch/display_simple.launch.py -> /home/jetracer/ros2_ws/src/jetracer_description/install/jetracer_description/share/jetracer_description/launch
copying launch/display.launch.py -> /home/jetracer/ros2_ws/src/jetracer_description/install/jetracer_description/share/jetracer_description/launch
copying launch/display_working.launch.py -> /home/jetracer/ros2_ws/src/jetracer_description/install/jetracer_description/share/jetracer_description/launch
copying launch/teleop.launch.py -> /home/jetracer/ros2_ws/src/jetracer_description/install/jetracer_description/share/jetracer_description/launch
copying launch/jetracer_simulation.launch.py -> /home/jetracer/ros2_ws/src/jetracer_description/install/jetracer_description/share/jetracer_description/launch
copying launch/jetracer_complete.launch.py -> /home/jetracer/ros2_ws/src/jetracer_description/install/jetracer_description/share/jetracer_description/launch
copying launch/gazebo.launch.py -> /home/jetracer/ros2_ws/src/jetracer_description/install/jetracer_description/share/jetracer_description/launch
creating /home/jetracer/ros2_ws/src/jetracer_description/install/jetracer_description/share/jetracer_description/urdf
copying urdf/jetracer_materials.xacro -> /home/jetracer/ros2_ws/src/jetracer_description/install/jetracer_description/share/jetracer_description/urdf
copying urdf/jetracer.xacro -> /home/jetracer/ros2_ws/src/jetracer_description/install/jetracer_description/share/jetracer_description/urdf
copying urdf/jetracer_properties.xacro -> /home/jetracer/ros2_ws/src/jetracer_description/install/jetracer_description/share/jetracer_description/urdf
creating /home/jetracer/ros2_ws/src/jetracer_description/install/jetracer_description/share/jetracer_description/meshes
creating /home/jetracer/ros2_ws/src/jetracer_description/install/jetracer_description/share/jetracer_description/config
copying config/jetracer.rviz -> /home/jetracer/ros2_ws/src/jetracer_description/install/jetracer_description/share/jetracer_description/config
copying config/jetracer_working.rviz -> /home/jetracer/ros2_ws/src/jetracer_description/install/jetracer_description/share/jetracer_description/config
copying config/jetracer_simple.rviz -> /home/jetracer/ros2_ws/src/jetracer_description/install/jetracer_description/share/jetracer_description/config
creating /home/jetracer/ros2_ws/src/jetracer_description/install/jetracer_description/share/jetracer_description/worlds
copying worlds/jetracer_world.world -> /home/jetracer/ros2_ws/src/jetracer_description/install/jetracer_description/share/jetracer_description/worlds
running install_egg_info
Copying build/jetracer_description/jetracer_description.egg-info to /home/jetracer/ros2_ws/src/jetracer_description/install/jetracer_description/lib/python3.12/site-packages/jetracer_description-0.0.0-py3.12.egg-info
running install_scripts
writing list of installed files to '/home/jetracer/ros2_ws/src/jetracer_description/build/jetracer_description/install.log'
