[2.034s] Invoking command in '/home/jetracer/ros2_ws/src/jetracer_description': PYTHONPATH=/home/jetracer/ros2_ws/src/jetracer_description/build/jetracer_description/prefix_override:/usr/lib/python3/dist-packages/colcon_core/task/python/colcon_distutils_commands:/home/jetracer/ros2_ws/src/jetracer_description/install/jetracer_description/lib/python3.12/site-packages:${PYTHONPATH} /usr/bin/python3 -W ignore:setup.py install is deprecated -W ignore:easy_install command is deprecated setup.py egg_info --egg-base build/jetracer_description build --build-base /home/jetracer/ros2_ws/src/jetracer_description/build/jetracer_description/build install --record /home/jetracer/ros2_ws/src/jetracer_description/build/jetracer_description/install.log --single-version-externally-managed install_data
[2.909s] running egg_info
[2.909s] creating build/jetracer_description/jetracer_description.egg-info
[2.961s] writing build/jetracer_description/jetracer_description.egg-info/PKG-INFO
[2.962s] writing dependency_links to build/jetracer_description/jetracer_description.egg-info/dependency_links.txt
[2.964s] writing requirements to build/jetracer_description/jetracer_description.egg-info/requires.txt
[2.965s] writing top-level names to build/jetracer_description/jetracer_description.egg-info/top_level.txt
[2.965s] writing manifest file 'build/jetracer_description/jetracer_description.egg-info/SOURCES.txt'
[3.073s] reading manifest file 'build/jetracer_description/jetracer_description.egg-info/SOURCES.txt'
[3.076s] writing manifest file 'build/jetracer_description/jetracer_description.egg-info/SOURCES.txt'
[3.076s] running build
[3.076s] running build_py
[3.078s] creating /home/jetracer/ros2_ws/src/jetracer_description/build/jetracer_description/build
[3.078s] creating /home/jetracer/ros2_ws/src/jetracer_description/build/jetracer_description/build/lib
[3.079s] creating /home/jetracer/ros2_ws/src/jetracer_description/build/jetracer_description/build/lib/jetracer_description
[3.081s] copying jetracer_description/__init__.py -> /home/jetracer/ros2_ws/src/jetracer_description/build/jetracer_description/build/lib/jetracer_description
[3.102s] running install
[3.115s] running install_lib
[3.228s] creating /home/jetracer/ros2_ws/src/jetracer_description/install/jetracer_description/lib/python3.12/site-packages/jetracer_description
[3.234s] copying /home/jetracer/ros2_ws/src/jetracer_description/build/jetracer_description/build/lib/jetracer_description/__init__.py -> /home/jetracer/ros2_ws/src/jetracer_description/install/jetracer_description/lib/python3.12/site-packages/jetracer_description
[3.240s] byte-compiling /home/jetracer/ros2_ws/src/jetracer_description/install/jetracer_description/lib/python3.12/site-packages/jetracer_description/__init__.py to __init__.cpython-312.pyc
[3.247s] running install_data
[3.250s] creating /home/jetracer/ros2_ws/src/jetracer_description/install/jetracer_description/share/ament_index
[3.253s] creating /home/jetracer/ros2_ws/src/jetracer_description/install/jetracer_description/share/ament_index/resource_index
[3.253s] creating /home/jetracer/ros2_ws/src/jetracer_description/install/jetracer_description/share/ament_index/resource_index/packages
[3.259s] copying resource/jetracer_description -> /home/jetracer/ros2_ws/src/jetracer_description/install/jetracer_description/share/ament_index/resource_index/packages
[3.260s] copying package.xml -> /home/jetracer/ros2_ws/src/jetracer_description/install/jetracer_description/share/jetracer_description
[3.261s] creating /home/jetracer/ros2_ws/src/jetracer_description/install/jetracer_description/share/jetracer_description/launch
[3.269s] copying launch/display_simple.launch.py -> /home/jetracer/ros2_ws/src/jetracer_description/install/jetracer_description/share/jetracer_description/launch
[3.270s] copying launch/display.launch.py -> /home/jetracer/ros2_ws/src/jetracer_description/install/jetracer_description/share/jetracer_description/launch
[3.270s] copying launch/display_working.launch.py -> /home/jetracer/ros2_ws/src/jetracer_description/install/jetracer_description/share/jetracer_description/launch
[3.270s] copying launch/teleop.launch.py -> /home/jetracer/ros2_ws/src/jetracer_description/install/jetracer_description/share/jetracer_description/launch
[3.282s] copying launch/jetracer_simulation.launch.py -> /home/jetracer/ros2_ws/src/jetracer_description/install/jetracer_description/share/jetracer_description/launch
[3.287s] copying launch/jetracer_complete.launch.py -> /home/jetracer/ros2_ws/src/jetracer_description/install/jetracer_description/share/jetracer_description/launch
[3.292s] copying launch/gazebo.launch.py -> /home/jetracer/ros2_ws/src/jetracer_description/install/jetracer_description/share/jetracer_description/launch
[3.292s] creating /home/jetracer/ros2_ws/src/jetracer_description/install/jetracer_description/share/jetracer_description/urdf
[3.292s] copying urdf/jetracer_materials.xacro -> /home/jetracer/ros2_ws/src/jetracer_description/install/jetracer_description/share/jetracer_description/urdf
[3.292s] copying urdf/jetracer.xacro -> /home/jetracer/ros2_ws/src/jetracer_description/install/jetracer_description/share/jetracer_description/urdf
[3.292s] copying urdf/jetracer_properties.xacro -> /home/jetracer/ros2_ws/src/jetracer_description/install/jetracer_description/share/jetracer_description/urdf
[3.302s] creating /home/jetracer/ros2_ws/src/jetracer_description/install/jetracer_description/share/jetracer_description/meshes
[3.302s] creating /home/jetracer/ros2_ws/src/jetracer_description/install/jetracer_description/share/jetracer_description/config
[3.302s] copying config/jetracer.rviz -> /home/jetracer/ros2_ws/src/jetracer_description/install/jetracer_description/share/jetracer_description/config
[3.303s] copying config/jetracer_working.rviz -> /home/jetracer/ros2_ws/src/jetracer_description/install/jetracer_description/share/jetracer_description/config
[3.308s] copying config/jetracer_simple.rviz -> /home/jetracer/ros2_ws/src/jetracer_description/install/jetracer_description/share/jetracer_description/config
[3.320s] creating /home/jetracer/ros2_ws/src/jetracer_description/install/jetracer_description/share/jetracer_description/worlds
[3.332s] copying worlds/jetracer_world.world -> /home/jetracer/ros2_ws/src/jetracer_description/install/jetracer_description/share/jetracer_description/worlds
[3.332s] running install_egg_info
[3.401s] Copying build/jetracer_description/jetracer_description.egg-info to /home/jetracer/ros2_ws/src/jetracer_description/install/jetracer_description/lib/python3.12/site-packages/jetracer_description-0.0.0-py3.12.egg-info
[3.408s] running install_scripts
[3.909s] writing list of installed files to '/home/jetracer/ros2_ws/src/jetracer_description/build/jetracer_description/install.log'
[4.101s] Invoked command in '/home/jetracer/ros2_ws/src/jetracer_description' returned '0': PYTHONPATH=/home/jetracer/ros2_ws/src/jetracer_description/build/jetracer_description/prefix_override:/usr/lib/python3/dist-packages/colcon_core/task/python/colcon_distutils_commands:/home/jetracer/ros2_ws/src/jetracer_description/install/jetracer_description/lib/python3.12/site-packages:${PYTHONPATH} /usr/bin/python3 -W ignore:setup.py install is deprecated -W ignore:easy_install command is deprecated setup.py egg_info --egg-base build/jetracer_description build --build-base /home/jetracer/ros2_ws/src/jetracer_description/build/jetracer_description/build install --record /home/jetracer/ros2_ws/src/jetracer_description/build/jetracer_description/install.log --single-version-externally-managed install_data
