[0.345s] DEBUG:colcon:Command line arguments: ['/usr/bin/colcon', 'build', '--packages-select', 'jetracer_description']
[0.345s] DEBUG:colcon:Parsed command line arguments: Namespace(log_base=None, log_level=None, verb_name='build', build_base='build', install_base='install', merge_install=False, symlink_install=False, test_result_base=None, continue_on_error=False, executor='parallel', parallel_workers=2, event_handlers=None, ignore_user_meta=False, metas=['./colcon.meta'], base_paths=['.'], packages_ignore=None, packages_ignore_regex=None, paths=None, packages_up_to=None, packages_up_to_regex=None, packages_above=None, packages_above_and_dependencies=None, packages_above_depth=None, packages_select_by_dep=None, packages_skip_by_dep=None, packages_skip_up_to=None, packages_select_build_failed=False, packages_skip_build_finished=False, packages_select_test_failures=False, packages_skip_test_passed=False, packages_select=['jetracer_description'], packages_skip=None, packages_select_regex=None, packages_skip_regex=None, packages_start=None, packages_end=None, allow_overriding=[], cmake_args=None, cmake_target=None, cmake_target_skip_unavailable=False, cmake_clean_cache=False, cmake_clean_first=False, cmake_force_configure=False, ament_cmake_args=None, catkin_cmake_args=None, catkin_skip_building_tests=False, mixin_files=None, mixin=None, verb_parser=<colcon_mixin.mixin.mixin_argument.MixinArgumentDecorator object at 0x76465d4a7590>, verb_extension=<colcon_core.verb.build.BuildVerb object at 0x76465d449220>, main=<bound method BuildVerb.main of <colcon_core.verb.build.BuildVerb object at 0x76465d449220>>, mixin_verb=('build',))
[0.530s] Level 1:colcon.colcon_core.package_discovery:discover_packages(colcon_meta) check parameters
[0.530s] Level 1:colcon.colcon_core.package_discovery:discover_packages(recursive) check parameters
[0.530s] Level 1:colcon.colcon_core.package_discovery:discover_packages(ignore) check parameters
[0.530s] Level 1:colcon.colcon_core.package_discovery:discover_packages(path) check parameters
[0.530s] Level 1:colcon.colcon_core.package_discovery:discover_packages(colcon_meta) discover
[0.530s] Level 1:colcon.colcon_core.package_discovery:discover_packages(recursive) discover
[0.530s] INFO:colcon.colcon_core.package_discovery:Crawling recursively for packages in '/home/jetracer/ros2_ws/src/jetracer_description'
[0.530s] Level 1:colcon.colcon_core.package_identification:_identify(.) by extensions ['ignore', 'ignore_ament_install']
[0.530s] Level 1:colcon.colcon_core.package_identification:_identify(.) by extension 'ignore'
[0.530s] Level 1:colcon.colcon_core.package_identification:_identify(.) by extension 'ignore_ament_install'
[0.530s] Level 1:colcon.colcon_core.package_identification:_identify(.) by extensions ['colcon_pkg']
[0.530s] Level 1:colcon.colcon_core.package_identification:_identify(.) by extension 'colcon_pkg'
[0.530s] Level 1:colcon.colcon_core.package_identification:_identify(.) by extensions ['colcon_meta']
[0.530s] Level 1:colcon.colcon_core.package_identification:_identify(.) by extension 'colcon_meta'
[0.530s] Level 1:colcon.colcon_core.package_identification:_identify(.) by extensions ['ros']
[0.530s] Level 1:colcon.colcon_core.package_identification:_identify(.) by extension 'ros'
[0.584s] DEBUG:colcon.colcon_core.package_identification:Package '.' with type 'ros.ament_python' and name 'jetracer_description'
[0.585s] Level 1:colcon.colcon_core.package_discovery:discover_packages(recursive) using defaults
[0.586s] Level 1:colcon.colcon_core.package_discovery:discover_packages(ignore) discover
[0.586s] Level 1:colcon.colcon_core.package_discovery:discover_packages(ignore) using defaults
[0.587s] Level 1:colcon.colcon_core.package_discovery:discover_packages(path) discover
[0.587s] Level 1:colcon.colcon_core.package_discovery:discover_packages(path) using defaults
[0.631s] Level 1:colcon.colcon_core.package_discovery:discover_packages(prefix_path) check parameters
[0.631s] Level 1:colcon.colcon_core.package_discovery:discover_packages(prefix_path) discover
[0.646s] DEBUG:colcon.colcon_installed_package_information.package_discovery:Found 2 installed packages in /home/jetracer/ros2_ws/install
[0.648s] DEBUG:colcon.colcon_installed_package_information.package_discovery:Found 335 installed packages in /opt/ros/jazzy
[0.650s] Level 1:colcon.colcon_core.package_discovery:discover_packages(prefix_path) using defaults
[0.682s] Level 5:colcon.colcon_core.verb:set package 'jetracer_description' build argument 'cmake_args' from command line to 'None'
[0.682s] Level 5:colcon.colcon_core.verb:set package 'jetracer_description' build argument 'cmake_target' from command line to 'None'
[0.682s] Level 5:colcon.colcon_core.verb:set package 'jetracer_description' build argument 'cmake_target_skip_unavailable' from command line to 'False'
[0.682s] Level 5:colcon.colcon_core.verb:set package 'jetracer_description' build argument 'cmake_clean_cache' from command line to 'False'
[0.682s] Level 5:colcon.colcon_core.verb:set package 'jetracer_description' build argument 'cmake_clean_first' from command line to 'False'
[0.682s] Level 5:colcon.colcon_core.verb:set package 'jetracer_description' build argument 'cmake_force_configure' from command line to 'False'
[0.682s] Level 5:colcon.colcon_core.verb:set package 'jetracer_description' build argument 'ament_cmake_args' from command line to 'None'
[0.682s] Level 5:colcon.colcon_core.verb:set package 'jetracer_description' build argument 'catkin_cmake_args' from command line to 'None'
[0.682s] Level 5:colcon.colcon_core.verb:set package 'jetracer_description' build argument 'catkin_skip_building_tests' from command line to 'False'
[0.682s] DEBUG:colcon.colcon_core.verb:Building package 'jetracer_description' with the following arguments: {'ament_cmake_args': None, 'build_base': '/home/jetracer/ros2_ws/src/jetracer_description/build/jetracer_description', 'catkin_cmake_args': None, 'catkin_skip_building_tests': False, 'cmake_args': None, 'cmake_clean_cache': False, 'cmake_clean_first': False, 'cmake_force_configure': False, 'cmake_target': None, 'cmake_target_skip_unavailable': False, 'install_base': '/home/jetracer/ros2_ws/src/jetracer_description/install/jetracer_description', 'merge_install': False, 'path': '/home/jetracer/ros2_ws/src/jetracer_description', 'symlink_install': False, 'test_result_base': None}
[0.683s] INFO:colcon.colcon_core.executor:Executing jobs using 'parallel' executor
[0.684s] DEBUG:colcon.colcon_parallel_executor.executor.parallel:run_until_complete
[0.685s] INFO:colcon.colcon_ros.task.ament_python.build:Building ROS package in '/home/jetracer/ros2_ws/src/jetracer_description' with build type 'ament_python'
[0.685s] Level 1:colcon.colcon_core.shell:create_environment_hook('jetracer_description', 'ament_prefix_path')
[0.708s] INFO:colcon.colcon_core.plugin_system:Skipping extension 'colcon_core.shell.bat': Not used on non-Windows systems
[0.708s] INFO:colcon.colcon_core.shell:Creating environment hook '/home/jetracer/ros2_ws/src/jetracer_description/install/jetracer_description/share/jetracer_description/hook/ament_prefix_path.ps1'
[0.713s] INFO:colcon.colcon_core.shell:Creating environment descriptor '/home/jetracer/ros2_ws/src/jetracer_description/install/jetracer_description/share/jetracer_description/hook/ament_prefix_path.dsv'
[0.715s] INFO:colcon.colcon_core.shell:Creating environment hook '/home/jetracer/ros2_ws/src/jetracer_description/install/jetracer_description/share/jetracer_description/hook/ament_prefix_path.sh'
[0.716s] INFO:colcon.colcon_core.shell:Skip shell extension 'powershell' for command environment: Not usable outside of PowerShell
[0.716s] DEBUG:colcon.colcon_core.shell:Skip shell extension 'dsv' for command environment
[1.071s] INFO:colcon.colcon_core.task.python.build:Building Python package in '/home/jetracer/ros2_ws/src/jetracer_description'
[1.071s] INFO:colcon.colcon_core.shell:Skip shell extension 'powershell' for command environment: Not usable outside of PowerShell
[1.071s] DEBUG:colcon.colcon_core.shell:Skip shell extension 'dsv' for command environment
[3.801s] DEBUG:colcon.colcon_core.event_handler.log_command:Invoking command in '/home/jetracer/ros2_ws/src/jetracer_description': PYTHONPATH=/home/jetracer/ros2_ws/src/jetracer_description/build/jetracer_description/prefix_override:/usr/lib/python3/dist-packages/colcon_core/task/python/colcon_distutils_commands:/home/jetracer/ros2_ws/src/jetracer_description/install/jetracer_description/lib/python3.12/site-packages:${PYTHONPATH} /usr/bin/python3 -W ignore:setup.py install is deprecated -W ignore:easy_install command is deprecated setup.py egg_info --egg-base build/jetracer_description build --build-base /home/jetracer/ros2_ws/src/jetracer_description/build/jetracer_description/build install --record /home/jetracer/ros2_ws/src/jetracer_description/build/jetracer_description/install.log --single-version-externally-managed install_data
[5.356s] DEBUG:colcon.colcon_core.event_handler.log_command:Invoked command in '/home/jetracer/ros2_ws/src/jetracer_description' returned '0': PYTHONPATH=/home/jetracer/ros2_ws/src/jetracer_description/build/jetracer_description/prefix_override:/usr/lib/python3/dist-packages/colcon_core/task/python/colcon_distutils_commands:/home/jetracer/ros2_ws/src/jetracer_description/install/jetracer_description/lib/python3.12/site-packages:${PYTHONPATH} /usr/bin/python3 -W ignore:setup.py install is deprecated -W ignore:easy_install command is deprecated setup.py egg_info --egg-base build/jetracer_description build --build-base /home/jetracer/ros2_ws/src/jetracer_description/build/jetracer_description/build install --record /home/jetracer/ros2_ws/src/jetracer_description/build/jetracer_description/install.log --single-version-externally-managed install_data
[5.405s] Level 1:colcon.colcon_core.environment:checking '/home/jetracer/ros2_ws/src/jetracer_description/install/jetracer_description' for CMake module files
[5.407s] Level 1:colcon.colcon_core.environment:checking '/home/jetracer/ros2_ws/src/jetracer_description/install/jetracer_description' for CMake config files
[5.413s] Level 1:colcon.colcon_core.environment:checking '/home/jetracer/ros2_ws/src/jetracer_description/install/jetracer_description/lib'
[5.413s] Level 1:colcon.colcon_core.environment:checking '/home/jetracer/ros2_ws/src/jetracer_description/install/jetracer_description/bin'
[5.414s] Level 1:colcon.colcon_core.environment:checking '/home/jetracer/ros2_ws/src/jetracer_description/install/jetracer_description/lib/pkgconfig/jetracer_description.pc'
[5.414s] Level 1:colcon.colcon_core.environment:checking '/home/jetracer/ros2_ws/src/jetracer_description/install/jetracer_description/lib/python3.12/site-packages'
[5.414s] Level 1:colcon.colcon_core.shell:create_environment_hook('jetracer_description', 'pythonpath')
[5.415s] INFO:colcon.colcon_core.shell:Creating environment hook '/home/jetracer/ros2_ws/src/jetracer_description/install/jetracer_description/share/jetracer_description/hook/pythonpath.ps1'
[5.421s] INFO:colcon.colcon_core.shell:Creating environment descriptor '/home/jetracer/ros2_ws/src/jetracer_description/install/jetracer_description/share/jetracer_description/hook/pythonpath.dsv'
[5.424s] INFO:colcon.colcon_core.shell:Creating environment hook '/home/jetracer/ros2_ws/src/jetracer_description/install/jetracer_description/share/jetracer_description/hook/pythonpath.sh'
[5.430s] Level 1:colcon.colcon_core.environment:checking '/home/jetracer/ros2_ws/src/jetracer_description/install/jetracer_description/bin'
[5.430s] Level 1:colcon.colcon_core.environment:create_environment_scripts_only(jetracer_description)
[5.431s] INFO:colcon.colcon_core.shell:Creating package script '/home/jetracer/ros2_ws/src/jetracer_description/install/jetracer_description/share/jetracer_description/package.ps1'
[5.441s] INFO:colcon.colcon_core.shell:Creating package descriptor '/home/jetracer/ros2_ws/src/jetracer_description/install/jetracer_description/share/jetracer_description/package.dsv'
[5.445s] INFO:colcon.colcon_core.shell:Creating package script '/home/jetracer/ros2_ws/src/jetracer_description/install/jetracer_description/share/jetracer_description/package.sh'
[5.469s] INFO:colcon.colcon_core.shell:Creating package script '/home/jetracer/ros2_ws/src/jetracer_description/install/jetracer_description/share/jetracer_description/package.bash'
[5.502s] INFO:colcon.colcon_core.shell:Creating package script '/home/jetracer/ros2_ws/src/jetracer_description/install/jetracer_description/share/jetracer_description/package.zsh'
[5.507s] Level 1:colcon.colcon_core.environment:create_file_with_runtime_dependencies(/home/jetracer/ros2_ws/src/jetracer_description/install/jetracer_description/share/colcon-core/packages/jetracer_description)
[5.508s] DEBUG:colcon.colcon_parallel_executor.executor.parallel:closing loop
[5.510s] DEBUG:colcon.colcon_parallel_executor.executor.parallel:loop closed
[5.510s] DEBUG:colcon.colcon_parallel_executor.executor.parallel:run_until_complete finished with '0'
[5.510s] DEBUG:colcon.colcon_core.event_reactor:joining thread
[5.537s] INFO:colcon.colcon_core.plugin_system:Skipping extension 'colcon_notification.desktop_notification.terminal_notifier': Not used on non-Darwin systems
[5.547s] INFO:colcon.colcon_core.plugin_system:Skipping extension 'colcon_notification.desktop_notification.win32': Not used on non-Windows systems
[5.547s] INFO:colcon.colcon_notification.desktop_notification:Sending desktop notification using 'notify2'
[5.575s] DEBUG:colcon.colcon_core.event_reactor:joined thread
[5.576s] INFO:colcon.colcon_core.shell:Creating prefix script '/home/jetracer/ros2_ws/src/jetracer_description/install/local_setup.ps1'
[5.586s] INFO:colcon.colcon_core.shell:Creating prefix util module '/home/jetracer/ros2_ws/src/jetracer_description/install/_local_setup_util_ps1.py'
[5.591s] INFO:colcon.colcon_core.shell:Creating prefix chain script '/home/jetracer/ros2_ws/src/jetracer_description/install/setup.ps1'
[5.598s] INFO:colcon.colcon_core.shell:Creating prefix script '/home/jetracer/ros2_ws/src/jetracer_description/install/local_setup.sh'
[5.599s] INFO:colcon.colcon_core.shell:Creating prefix util module '/home/jetracer/ros2_ws/src/jetracer_description/install/_local_setup_util_sh.py'
[5.602s] INFO:colcon.colcon_core.shell:Creating prefix chain script '/home/jetracer/ros2_ws/src/jetracer_description/install/setup.sh'
[5.606s] INFO:colcon.colcon_core.shell:Creating prefix script '/home/jetracer/ros2_ws/src/jetracer_description/install/local_setup.bash'
[5.609s] INFO:colcon.colcon_core.shell:Creating prefix chain script '/home/jetracer/ros2_ws/src/jetracer_description/install/setup.bash'
[5.617s] INFO:colcon.colcon_core.shell:Creating prefix script '/home/jetracer/ros2_ws/src/jetracer_description/install/local_setup.zsh'
[5.625s] INFO:colcon.colcon_core.shell:Creating prefix chain script '/home/jetracer/ros2_ws/src/jetracer_description/install/setup.zsh'
