[0.226s] DEBUG:colcon:Command line arguments: ['/usr/bin/colcon', 'build', '--packages-select', 'jetracer_description']
[0.226s] DEBUG:colcon:Parsed command line arguments: Namespace(log_base=None, log_level=None, verb_name='build', build_base='build', install_base='install', merge_install=False, symlink_install=False, test_result_base=None, continue_on_error=False, executor='parallel', parallel_workers=2, event_handlers=None, ignore_user_meta=False, metas=['./colcon.meta'], base_paths=['.'], packages_ignore=None, packages_ignore_regex=None, paths=None, packages_up_to=None, packages_up_to_regex=None, packages_above=None, packages_above_and_dependencies=None, packages_above_depth=None, packages_select_by_dep=None, packages_skip_by_dep=None, packages_skip_up_to=None, packages_select_build_failed=False, packages_skip_build_finished=False, packages_select_test_failures=False, packages_skip_test_passed=False, packages_select=['jetracer_description'], packages_skip=None, packages_select_regex=None, packages_skip_regex=None, packages_start=None, packages_end=None, allow_overriding=[], cmake_args=None, cmake_target=None, cmake_target_skip_unavailable=False, cmake_clean_cache=False, cmake_clean_first=False, cmake_force_configure=False, ament_cmake_args=None, catkin_cmake_args=None, catkin_skip_building_tests=False, mixin_files=None, mixin=None, verb_parser=<colcon_mixin.mixin.mixin_argument.MixinArgumentDecorator object at 0x76e56d993860>, verb_extension=<colcon_core.verb.build.BuildVerb object at 0x76e56d9392e0>, main=<bound method BuildVerb.main of <colcon_core.verb.build.BuildVerb object at 0x76e56d9392e0>>, mixin_verb=('build',))
[0.313s] Level 1:colcon.colcon_core.package_discovery:discover_packages(colcon_meta) check parameters
[0.315s] Level 1:colcon.colcon_core.package_discovery:discover_packages(recursive) check parameters
[0.315s] Level 1:colcon.colcon_core.package_discovery:discover_packages(ignore) check parameters
[0.315s] Level 1:colcon.colcon_core.package_discovery:discover_packages(path) check parameters
[0.315s] Level 1:colcon.colcon_core.package_discovery:discover_packages(colcon_meta) discover
[0.315s] Level 1:colcon.colcon_core.package_discovery:discover_packages(recursive) discover
[0.315s] INFO:colcon.colcon_core.package_discovery:Crawling recursively for packages in '/home/jetracer/ros2_ws/src/jetracer_description'
[0.316s] Level 1:colcon.colcon_core.package_identification:_identify(.) by extensions ['ignore', 'ignore_ament_install']
[0.316s] Level 1:colcon.colcon_core.package_identification:_identify(.) by extension 'ignore'
[0.316s] Level 1:colcon.colcon_core.package_identification:_identify(.) by extension 'ignore_ament_install'
[0.316s] Level 1:colcon.colcon_core.package_identification:_identify(.) by extensions ['colcon_pkg']
[0.316s] Level 1:colcon.colcon_core.package_identification:_identify(.) by extension 'colcon_pkg'
[0.316s] Level 1:colcon.colcon_core.package_identification:_identify(.) by extensions ['colcon_meta']
[0.316s] Level 1:colcon.colcon_core.package_identification:_identify(.) by extension 'colcon_meta'
[0.316s] Level 1:colcon.colcon_core.package_identification:_identify(.) by extensions ['ros']
[0.316s] Level 1:colcon.colcon_core.package_identification:_identify(.) by extension 'ros'
[0.410s] DEBUG:colcon.colcon_core.package_identification:Package '.' with type 'ros.ament_python' and name 'jetracer_description'
[0.412s] Level 1:colcon.colcon_core.package_discovery:discover_packages(recursive) using defaults
[0.413s] Level 1:colcon.colcon_core.package_discovery:discover_packages(ignore) discover
[0.413s] Level 1:colcon.colcon_core.package_discovery:discover_packages(ignore) using defaults
[0.413s] Level 1:colcon.colcon_core.package_discovery:discover_packages(path) discover
[0.413s] Level 1:colcon.colcon_core.package_discovery:discover_packages(path) using defaults
[0.474s] Level 1:colcon.colcon_core.package_discovery:discover_packages(prefix_path) check parameters
[0.474s] Level 1:colcon.colcon_core.package_discovery:discover_packages(prefix_path) discover
[0.479s] DEBUG:colcon.colcon_installed_package_information.package_discovery:Found 2 installed packages in /home/jetracer/ros2_ws/install
[0.483s] DEBUG:colcon.colcon_installed_package_information.package_discovery:Found 335 installed packages in /opt/ros/jazzy
[0.491s] Level 1:colcon.colcon_core.package_discovery:discover_packages(prefix_path) using defaults
[0.645s] Level 5:colcon.colcon_core.verb:set package 'jetracer_description' build argument 'cmake_args' from command line to 'None'
[0.650s] Level 5:colcon.colcon_core.verb:set package 'jetracer_description' build argument 'cmake_target' from command line to 'None'
[0.650s] Level 5:colcon.colcon_core.verb:set package 'jetracer_description' build argument 'cmake_target_skip_unavailable' from command line to 'False'
[0.650s] Level 5:colcon.colcon_core.verb:set package 'jetracer_description' build argument 'cmake_clean_cache' from command line to 'False'
[0.650s] Level 5:colcon.colcon_core.verb:set package 'jetracer_description' build argument 'cmake_clean_first' from command line to 'False'
[0.650s] Level 5:colcon.colcon_core.verb:set package 'jetracer_description' build argument 'cmake_force_configure' from command line to 'False'
[0.650s] Level 5:colcon.colcon_core.verb:set package 'jetracer_description' build argument 'ament_cmake_args' from command line to 'None'
[0.650s] Level 5:colcon.colcon_core.verb:set package 'jetracer_description' build argument 'catkin_cmake_args' from command line to 'None'
[0.650s] Level 5:colcon.colcon_core.verb:set package 'jetracer_description' build argument 'catkin_skip_building_tests' from command line to 'False'
[0.650s] DEBUG:colcon.colcon_core.verb:Building package 'jetracer_description' with the following arguments: {'ament_cmake_args': None, 'build_base': '/home/jetracer/ros2_ws/src/jetracer_description/build/jetracer_description', 'catkin_cmake_args': None, 'catkin_skip_building_tests': False, 'cmake_args': None, 'cmake_clean_cache': False, 'cmake_clean_first': False, 'cmake_force_configure': False, 'cmake_target': None, 'cmake_target_skip_unavailable': False, 'install_base': '/home/jetracer/ros2_ws/src/jetracer_description/install/jetracer_description', 'merge_install': False, 'path': '/home/jetracer/ros2_ws/src/jetracer_description', 'symlink_install': False, 'test_result_base': None}
[0.651s] INFO:colcon.colcon_core.executor:Executing jobs using 'parallel' executor
[0.656s] DEBUG:colcon.colcon_parallel_executor.executor.parallel:run_until_complete
[0.656s] INFO:colcon.colcon_ros.task.ament_python.build:Building ROS package in '/home/jetracer/ros2_ws/src/jetracer_description' with build type 'ament_python'
[0.656s] Level 1:colcon.colcon_core.shell:create_environment_hook('jetracer_description', 'ament_prefix_path')
[0.659s] INFO:colcon.colcon_core.plugin_system:Skipping extension 'colcon_core.shell.bat': Not used on non-Windows systems
[0.663s] INFO:colcon.colcon_core.shell:Creating environment hook '/home/jetracer/ros2_ws/src/jetracer_description/install/jetracer_description/share/jetracer_description/hook/ament_prefix_path.ps1'
[0.670s] INFO:colcon.colcon_core.shell:Creating environment descriptor '/home/jetracer/ros2_ws/src/jetracer_description/install/jetracer_description/share/jetracer_description/hook/ament_prefix_path.dsv'
[0.674s] INFO:colcon.colcon_core.shell:Creating environment hook '/home/jetracer/ros2_ws/src/jetracer_description/install/jetracer_description/share/jetracer_description/hook/ament_prefix_path.sh'
[0.684s] INFO:colcon.colcon_core.shell:Skip shell extension 'powershell' for command environment: Not usable outside of PowerShell
[0.685s] DEBUG:colcon.colcon_core.shell:Skip shell extension 'dsv' for command environment
[1.151s] INFO:colcon.colcon_core.task.python.build:Building Python package in '/home/jetracer/ros2_ws/src/jetracer_description'
[1.152s] INFO:colcon.colcon_core.shell:Skip shell extension 'powershell' for command environment: Not usable outside of PowerShell
[1.152s] DEBUG:colcon.colcon_core.shell:Skip shell extension 'dsv' for command environment
[2.588s] DEBUG:colcon.colcon_core.event_handler.log_command:Invoking command in '/home/jetracer/ros2_ws/src/jetracer_description': PYTHONPATH=/home/jetracer/ros2_ws/src/jetracer_description/build/jetracer_description/prefix_override:/usr/lib/python3/dist-packages/colcon_core/task/python/colcon_distutils_commands:/home/jetracer/ros2_ws/src/jetracer_description/install/jetracer_description/lib/python3.12/site-packages:${PYTHONPATH} /usr/bin/python3 -W ignore:setup.py install is deprecated -W ignore:easy_install command is deprecated setup.py egg_info --egg-base build/jetracer_description build --build-base /home/jetracer/ros2_ws/src/jetracer_description/build/jetracer_description/build install --record /home/jetracer/ros2_ws/src/jetracer_description/build/jetracer_description/install.log --single-version-externally-managed install_data
[3.928s] Level 1:colcon.colcon_core.environment:checking '/home/jetracer/ros2_ws/src/jetracer_description/install/jetracer_description' for CMake module files
[3.930s] DEBUG:colcon.colcon_core.event_handler.log_command:Invoked command in '/home/jetracer/ros2_ws/src/jetracer_description' returned '0': PYTHONPATH=/home/jetracer/ros2_ws/src/jetracer_description/build/jetracer_description/prefix_override:/usr/lib/python3/dist-packages/colcon_core/task/python/colcon_distutils_commands:/home/jetracer/ros2_ws/src/jetracer_description/install/jetracer_description/lib/python3.12/site-packages:${PYTHONPATH} /usr/bin/python3 -W ignore:setup.py install is deprecated -W ignore:easy_install command is deprecated setup.py egg_info --egg-base build/jetracer_description build --build-base /home/jetracer/ros2_ws/src/jetracer_description/build/jetracer_description/build install --record /home/jetracer/ros2_ws/src/jetracer_description/build/jetracer_description/install.log --single-version-externally-managed install_data
[3.932s] Level 1:colcon.colcon_core.environment:checking '/home/jetracer/ros2_ws/src/jetracer_description/install/jetracer_description' for CMake config files
[3.932s] Level 1:colcon.colcon_core.environment:checking '/home/jetracer/ros2_ws/src/jetracer_description/install/jetracer_description/lib'
[3.932s] Level 1:colcon.colcon_core.environment:checking '/home/jetracer/ros2_ws/src/jetracer_description/install/jetracer_description/bin'
[3.932s] Level 1:colcon.colcon_core.environment:checking '/home/jetracer/ros2_ws/src/jetracer_description/install/jetracer_description/lib/pkgconfig/jetracer_description.pc'
[3.932s] Level 1:colcon.colcon_core.environment:checking '/home/jetracer/ros2_ws/src/jetracer_description/install/jetracer_description/lib/python3.12/site-packages'
[3.933s] Level 1:colcon.colcon_core.shell:create_environment_hook('jetracer_description', 'pythonpath')
[3.933s] INFO:colcon.colcon_core.shell:Creating environment hook '/home/jetracer/ros2_ws/src/jetracer_description/install/jetracer_description/share/jetracer_description/hook/pythonpath.ps1'
[3.937s] INFO:colcon.colcon_core.shell:Creating environment descriptor '/home/jetracer/ros2_ws/src/jetracer_description/install/jetracer_description/share/jetracer_description/hook/pythonpath.dsv'
[3.940s] INFO:colcon.colcon_core.shell:Creating environment hook '/home/jetracer/ros2_ws/src/jetracer_description/install/jetracer_description/share/jetracer_description/hook/pythonpath.sh'
[3.943s] Level 1:colcon.colcon_core.environment:checking '/home/jetracer/ros2_ws/src/jetracer_description/install/jetracer_description/bin'
[3.944s] Level 1:colcon.colcon_core.environment:create_environment_scripts_only(jetracer_description)
[3.945s] INFO:colcon.colcon_core.shell:Creating package script '/home/jetracer/ros2_ws/src/jetracer_description/install/jetracer_description/share/jetracer_description/package.ps1'
[3.956s] INFO:colcon.colcon_core.shell:Creating package descriptor '/home/jetracer/ros2_ws/src/jetracer_description/install/jetracer_description/share/jetracer_description/package.dsv'
[3.960s] INFO:colcon.colcon_core.shell:Creating package script '/home/jetracer/ros2_ws/src/jetracer_description/install/jetracer_description/share/jetracer_description/package.sh'
[3.961s] INFO:colcon.colcon_core.shell:Creating package script '/home/jetracer/ros2_ws/src/jetracer_description/install/jetracer_description/share/jetracer_description/package.bash'
[3.977s] INFO:colcon.colcon_core.shell:Creating package script '/home/jetracer/ros2_ws/src/jetracer_description/install/jetracer_description/share/jetracer_description/package.zsh'
[3.979s] Level 1:colcon.colcon_core.environment:create_file_with_runtime_dependencies(/home/jetracer/ros2_ws/src/jetracer_description/install/jetracer_description/share/colcon-core/packages/jetracer_description)
[3.981s] DEBUG:colcon.colcon_parallel_executor.executor.parallel:closing loop
[3.981s] DEBUG:colcon.colcon_parallel_executor.executor.parallel:loop closed
[3.981s] DEBUG:colcon.colcon_parallel_executor.executor.parallel:run_until_complete finished with '0'
[3.981s] DEBUG:colcon.colcon_core.event_reactor:joining thread
[4.099s] INFO:colcon.colcon_core.plugin_system:Skipping extension 'colcon_notification.desktop_notification.terminal_notifier': Not used on non-Darwin systems
[4.100s] INFO:colcon.colcon_core.plugin_system:Skipping extension 'colcon_notification.desktop_notification.win32': Not used on non-Windows systems
[4.100s] INFO:colcon.colcon_notification.desktop_notification:Sending desktop notification using 'notify2'
[4.127s] DEBUG:colcon.colcon_core.event_reactor:joined thread
[4.128s] INFO:colcon.colcon_core.shell:Creating prefix script '/home/jetracer/ros2_ws/src/jetracer_description/install/local_setup.ps1'
[4.134s] INFO:colcon.colcon_core.shell:Creating prefix util module '/home/jetracer/ros2_ws/src/jetracer_description/install/_local_setup_util_ps1.py'
[4.136s] INFO:colcon.colcon_core.shell:Creating prefix chain script '/home/jetracer/ros2_ws/src/jetracer_description/install/setup.ps1'
[4.143s] INFO:colcon.colcon_core.shell:Creating prefix script '/home/jetracer/ros2_ws/src/jetracer_description/install/local_setup.sh'
[4.149s] INFO:colcon.colcon_core.shell:Creating prefix util module '/home/jetracer/ros2_ws/src/jetracer_description/install/_local_setup_util_sh.py'
[4.150s] INFO:colcon.colcon_core.shell:Creating prefix chain script '/home/jetracer/ros2_ws/src/jetracer_description/install/setup.sh'
[4.156s] INFO:colcon.colcon_core.shell:Creating prefix script '/home/jetracer/ros2_ws/src/jetracer_description/install/local_setup.bash'
[4.161s] INFO:colcon.colcon_core.shell:Creating prefix chain script '/home/jetracer/ros2_ws/src/jetracer_description/install/setup.bash'
[4.166s] INFO:colcon.colcon_core.shell:Creating prefix script '/home/jetracer/ros2_ws/src/jetracer_description/install/local_setup.zsh'
[4.171s] INFO:colcon.colcon_core.shell:Creating prefix chain script '/home/jetracer/ros2_ws/src/jetracer_description/install/setup.zsh'
